<?xml version="1.0" encoding="UTF-8"?>
<!-- Generated by org.testng.reporters.JUnitReportReporter -->
<testsuite hostname="Admin" failures="0" tests="1" name="Test.Dashboard" time="21.565" errors="0" timestamp="2022-04-27T15:26:29 IST" skipped="0">
  <testcase classname="Test.Dashboard" name="EnterToDashboard" time="21.565"/>
  <system-out/>
</testsuite> <!-- Test.Dashboard -->
