<?xml version="1.0" encoding="UTF-8"?>
<!-- Generated by org.testng.reporters.JUnitReportReporter -->
<testsuite hostname="Admin" failures="0" tests="1" name="Test.SignUpTest" time="10.775" errors="0" timestamp="2022-04-27T14:20:03 IST" skipped="0">
  <testcase classname="Test.SignUpTest" name="OpenNriAccount" time="10.775"/>
  <system-out/>
</testsuite> <!-- Test.SignUpTest -->
